\BOOKMARK [0][]{chapter.1}{\376\377\0001\000\040\176\352\213\272}{}% 1
\BOOKMARK [1][]{section.1.1}{\376\377\0001\000.\0001\000\040\123\112\133\374\117\123\162\151\164\006\126\336\230\176}{chapter.1}% 2
\BOOKMARK [2][]{subsection.1.1.1}{\376\377\0001\000.\0001\000.\0001\000\040\200\375\136\046\176\323\147\204}{section.1.1}% 3
\BOOKMARK [2][]{subsection.1.1.2}{\376\377\0001\000.\0001\000.\0002\000\040\227\136\136\163\210\141\140\001}{section.1.1}% 4
\BOOKMARK [0][]{chapter.2}{\376\377\0002\000\040\000P\000N\000\040\176\323}{}% 5
\BOOKMARK [1][]{section.2.1}{\376\377\0002\000.\0001\000\040\000P\000N\000\040\176\323\166\204\137\142\142\020}{chapter.2}% 6
\BOOKMARK [1][]{section.2.2}{\376\377\0002\000.\0002\000\040\136\163\210\141\140\001\200\375\136\046\126\376}{chapter.2}% 7
\BOOKMARK [1][]{section.2.3}{\376\377\0002\000.\0003\000\040\200\027\134\075\217\321\117\074\377\032\154\312\147\176\145\271\172\013\211\343\147\220\211\343}{chapter.2}% 8
\BOOKMARK [1][]{section.2.4}{\376\377\0002\000.\0004\000\040\200\027\134\075\123\072\166\204\225\177\136\246}{chapter.2}% 9
\BOOKMARK [1][]{section.2.5}{\376\377\0002\000.\0005\000\040\131\026\122\240\165\065\123\213}{chapter.2}% 10
\BOOKMARK [0][]{chapter.3}{\376\377\0003\000\040\000P\000N\000\040\176\323\116\244\155\101\162\171\140\047}{}% 11
\BOOKMARK [1][]{section.3.1}{\376\377\0003\000.\0001\000\040\153\143\124\021\133\374\220\032\165\065\133\374}{chapter.3}% 12
\BOOKMARK [1][]{section.3.2}{\376\377\0003\000.\0002\000\040\176\323\165\065\133\271}{chapter.3}% 13
\BOOKMARK [1][]{section.3.3}{\376\377\0003\000.\0003\000\040\131\032\145\160\217\175\155\101\133\120}{chapter.3}% 14
\BOOKMARK [1][]{section.3.4}{\376\377\0003\000.\0004\000\040\121\205\136\372\165\065\122\277}{chapter.3}% 15
\BOOKMARK [1][]{section.3.5}{\376\377\0003\000.\0005\000\040\134\021\145\160\217\175\155\101\133\120}{chapter.3}% 16
\BOOKMARK [1][]{section.3.6}{\376\377\0003\000.\0006\000\040\145\160\133\127\165\065\215\357\116\055\166\204\136\224\165\050}{chapter.3}% 17
\BOOKMARK [0][]{chapter.4}{\376\377\0004\000\040\200\226\162\171\127\372\116\214\147\201\173\241}{}% 18
\BOOKMARK [1][]{section.4.1}{\376\377\0004\000.\0001\000\040\200\375\136\046\126\376}{chapter.4}% 19
\BOOKMARK [1][]{section.4.2}{\376\377\0004\000.\0002\000\040\165\065\155\101}{chapter.4}% 20
\BOOKMARK [0][]{chapter.5}{\376\377\0005\000\040\000M\000O\000S\000\040\173\241\165\065\133\271}{}% 21
\BOOKMARK [1][]{section.5.1}{\376\377\0005\000.\0001\000\040\000M\000O\000S\000\040\166\204\127\372\147\054\176\323\147\204}{chapter.5}% 22
\BOOKMARK [1][]{section.5.2}{\376\377\0005\000.\0002\000\040\000M\000O\000S\000\040\166\204\136\163\210\141\200\375\136\046\126\376}{chapter.5}% 23
\BOOKMARK [1][]{section.5.3}{\376\377\0005\000.\0003\000\040\164\006\140\363\000\040\000M\000O\000S\000\040\165\065\133\271}{chapter.5}% 24
\BOOKMARK [1][]{section.5.4}{\376\377\0005\000.\0004\000\040\226\010\120\074\165\065\123\213}{chapter.5}% 25
\BOOKMARK [1][]{section.5.5}{\376\377\0005\000.\0005\000\040\117\116\116\216\226\010\120\074\166\204\162\266\140\001}{chapter.5}% 26
\BOOKMARK [1][]{section.5.6}{\376\377\0005\000.\0006\000\040\134\017\117\341\123\367\165\065\133\271}{chapter.5}% 27
\BOOKMARK [1][]{section.5.7}{\376\377\0005\000.\0007\000\040\232\330\116\216\226\010\120\074\166\204\162\266\140\001}{chapter.5}% 28
\BOOKMARK [1][]{section.5.8}{\376\377\0005\000.\0008\000\040\124\315\136\224\145\366\225\364}{chapter.5}% 29
\BOOKMARK [1][]{section.5.9}{\376\377\0005\000.\0009\000\040\131\047\117\341\123\367\165\065\133\271\377\032\155\361\200\027\134\075}{chapter.5}% 30
\BOOKMARK [0][]{chapter.6}{\376\377\0006\000\040\000M\000O\000S\000\040\000I\000-\000V\000\040\162\171\140\047}{}% 31
\BOOKMARK [1][]{section.6.1}{\376\377\0006\000.\0001\000\040\150\005\123\213\117\134\165\050}{chapter.6}% 32
\BOOKMARK [1][]{section.6.2}{\376\377\0006\000.\0002\000\040\157\017\123\213\117\134\165\050}{chapter.6}% 33
\BOOKMARK [1][]{section.6.3}{\376\377\0006\000.\0003\000\040\136\163\145\271\137\213}{chapter.6}% 34
\BOOKMARK [1][]{section.6.4}{\376\377\0006\000.\0004\000\040\117\123\165\065\203\167}{chapter.6}% 35
\BOOKMARK [1][]{section.6.5}{\376\377\0006\000.\0005\000\040\176\277\140\047\123\072}{chapter.6}% 36
\BOOKMARK [1][]{section.6.6}{\376\377\0006\000.\0006\000\040\220\037\136\246\231\161\124\214}{chapter.6}% 37
\BOOKMARK [1][]{section.6.7}{\376\377\0006\000.\0007\000\040\226\010\120\074\123\330\123\026}{chapter.6}% 38
\BOOKMARK [1][]{section.6.8}{\376\377\0006\000.\0008\000\040\154\047\123\026\134\102\116\055\147\011\165\065\203\167}{chapter.6}% 39
\BOOKMARK [1][]{section.6.9}{\376\377\0006\000.\0009\000\040\116\015\172\063\133\232\140\047}{chapter.6}% 40
\BOOKMARK [0][]{chapter.7}{\376\377\0007\000\040\134\017\134\072\133\370\000\040\000M\000O\000S}{}% 41
\BOOKMARK [0][]{chapter.8}{\376\377\0008\000\040\134\017\134\072\133\370\000\040\000M\000O\000S}{}% 42
\BOOKMARK [1][]{section.8.1}{\376\377\0008\000.\0001\000\040\165\065\203\167\122\006\116\253\152\041\127\213}{chapter.8}% 43
\BOOKMARK [0][]{chapter.9}{\376\377\0009\000\040\123\314\147\201\127\213\146\166\117\123\173\241}{}% 44
